android/app/build/intermediates/manifest_merge_blame_file/release/manifest-merger-blame-release-report.txt
1<?xml version="1.0" encoding="utf-8"?>
2<manifest xmlns:android="http://schemas.android.com/apk/res/android"
3    package="com.hoggy.videotekclientexpo"
4    android:versionCode="30"
5    android:versionName="1.5.0" >
6
7    <uses-sdk
8        android:minSdkVersion="23"
9        android:targetSdkVersion="34" />
10
11    <uses-permission android:name="android.permission.INTERNET" />
11-->src/main/AndroidManifest.xml:2:3-64
11-->src/main/AndroidManifest.xml:2:20-62
12    <uses-permission android:name="android.permission.READ_EXTERNAL_STORAGE" />
12-->src/main/AndroidManifest.xml:3:3-77
12-->src/main/AndroidManifest.xml:3:20-75
13    <uses-permission android:name="android.permission.RECORD_AUDIO" />
13-->src/main/AndroidManifest.xml:4:3-68
13-->src/main/AndroidManifest.xml:4:20-66
14    <uses-permission android:name="android.permission.SYSTEM_ALERT_WINDOW" />
14-->src/main/AndroidManifest.xml:5:3-75
14-->src/main/AndroidManifest.xml:5:20-73
15    <uses-permission android:name="android.permission.VIBRATE" />
15-->src/main/AndroidManifest.xml:6:3-63
15-->src/main/AndroidManifest.xml:6:20-61
16    <uses-permission android:name="android.permission.WRITE_EXTERNAL_STORAGE" />
16-->src/main/AndroidManifest.xml:7:3-78
16-->src/main/AndroidManifest.xml:7:20-76
17
18    <queries>
18-->src/main/AndroidManifest.xml:8:3-14:13
19        <intent>
19-->src/main/AndroidManifest.xml:9:5-13:14
20            <action android:name="android.intent.action.VIEW" />
20-->src/main/AndroidManifest.xml:10:7-58
20-->src/main/AndroidManifest.xml:10:15-56
21
22            <category android:name="android.intent.category.BROWSABLE" />
22-->src/main/AndroidManifest.xml:11:7-67
22-->src/main/AndroidManifest.xml:11:17-65
23
24            <data android:scheme="https" />
24-->src/main/AndroidManifest.xml:12:7-37
24-->src/main/AndroidManifest.xml:12:13-35
25        </intent>
26        <!-- Query open documents -->
27        <intent>
27-->[:expo-file-system] AndroidManifest.xml:15:9-17:18
28            <action android:name="android.intent.action.OPEN_DOCUMENT_TREE" />
28-->[:expo-file-system] AndroidManifest.xml:16:13-79
28-->[:expo-file-system] AndroidManifest.xml:16:21-76
29        </intent>
30        <intent>
30-->[:expo-image-picker] AndroidManifest.xml:17:9-21:18
31
32            <!-- Required for picking images from the camera roll if targeting API 30 -->
33            <action android:name="android.media.action.IMAGE_CAPTURE" />
33-->[:expo-image-picker] AndroidManifest.xml:20:13-73
33-->[:expo-image-picker] AndroidManifest.xml:20:21-70
34        </intent>
35        <intent>
35-->[:expo-image-picker] AndroidManifest.xml:22:9-26:18
36
37            <!-- Required for picking images from the camera if targeting API 30 -->
38            <action android:name="android.media.action.ACTION_VIDEO_CAPTURE" />
38-->[:expo-image-picker] AndroidManifest.xml:25:13-80
38-->[:expo-image-picker] AndroidManifest.xml:25:21-77
39        </intent>
40        <intent>
40-->[com.github.CanHub:Android-Image-Cropper:4.3.1] AndroidManifest.xml:10:9-16:18
41            <action android:name="android.intent.action.GET_CONTENT" />
41-->[com.github.CanHub:Android-Image-Cropper:4.3.1] AndroidManifest.xml:11:13-72
41-->[com.github.CanHub:Android-Image-Cropper:4.3.1] AndroidManifest.xml:11:21-69
42
43            <category android:name="android.intent.category.OPENABLE" />
43-->[com.github.CanHub:Android-Image-Cropper:4.3.1] AndroidManifest.xml:13:13-73
43-->[com.github.CanHub:Android-Image-Cropper:4.3.1] AndroidManifest.xml:13:23-70
44
45            <data android:mimeType="*/*" />
45-->src/main/AndroidManifest.xml:12:7-37
46        </intent>
47    </queries>
48
49    <uses-permission android:name="android.permission.ACCESS_NETWORK_STATE" /> <!-- Required for picking images from camera directly -->
49-->[:expo-updates] AndroidManifest.xml:7:5-79
49-->[:expo-updates] AndroidManifest.xml:7:22-76
50    <uses-permission android:name="android.permission.CAMERA" />
50-->[:expo-image-picker] AndroidManifest.xml:8:5-65
50-->[:expo-image-picker] AndroidManifest.xml:8:22-62
51    <uses-permission android:name="android.permission.READ_MEDIA_IMAGES" />
51-->[:expo-image-picker] AndroidManifest.xml:13:5-76
51-->[:expo-image-picker] AndroidManifest.xml:13:22-73
52    <uses-permission android:name="android.permission.READ_MEDIA_VIDEO" />
52-->[:expo-image-picker] AndroidManifest.xml:14:5-75
52-->[:expo-image-picker] AndroidManifest.xml:14:22-72
53    <uses-permission android:name="android.permission.RECEIVE_BOOT_COMPLETED" />
53-->[:expo-notifications] AndroidManifest.xml:7:5-81
53-->[:expo-notifications] AndroidManifest.xml:7:22-78
54    <uses-permission android:name="android.permission.POST_NOTIFICATIONS" />
54-->[:expo-notifications] AndroidManifest.xml:8:5-77
54-->[:expo-notifications] AndroidManifest.xml:8:22-74
55    <uses-permission android:name="android.permission.WAKE_LOCK" />
55-->[com.google.android.gms:play-services-measurement-api:21.6.1] AndroidManifest.xml:24:5-68
55-->[com.google.android.gms:play-services-measurement-api:21.6.1] AndroidManifest.xml:24:22-65
56    <uses-permission android:name="com.google.android.gms.permission.AD_ID" />
56-->[com.google.android.gms:play-services-measurement-api:21.6.1] AndroidManifest.xml:25:5-79
56-->[com.google.android.gms:play-services-measurement-api:21.6.1] AndroidManifest.xml:25:22-76
57    <uses-permission android:name="android.permission.ACCESS_ADSERVICES_ATTRIBUTION" />
57-->[com.google.android.gms:play-services-measurement-api:21.6.1] AndroidManifest.xml:26:5-88
57-->[com.google.android.gms:play-services-measurement-api:21.6.1] AndroidManifest.xml:26:22-85
58    <uses-permission android:name="android.permission.ACCESS_ADSERVICES_AD_ID" />
58-->[com.google.android.gms:play-services-measurement-api:21.6.1] AndroidManifest.xml:27:5-82
58-->[com.google.android.gms:play-services-measurement-api:21.6.1] AndroidManifest.xml:27:22-79
59    <uses-permission android:name="com.google.android.finsky.permission.BIND_GET_INSTALL_REFERRER_SERVICE" /> <!-- Required by older versions of Google Play services to create IID tokens -->
59-->[com.google.android.gms:play-services-measurement:21.6.1] AndroidManifest.xml:26:5-110
59-->[com.google.android.gms:play-services-measurement:21.6.1] AndroidManifest.xml:26:22-107
60    <uses-permission android:name="com.google.android.c2dm.permission.RECEIVE" />
60-->[com.google.firebase:firebase-messaging:23.4.1] AndroidManifest.xml:26:5-82
60-->[com.google.firebase:firebase-messaging:23.4.1] AndroidManifest.xml:26:22-79
61
62    <permission
62-->[androidx.core:core:1.12.0] AndroidManifest.xml:22:5-24:47
63        android:name="com.hoggy.videotekclientexpo.DYNAMIC_RECEIVER_NOT_EXPORTED_PERMISSION"
63-->[androidx.core:core:1.12.0] AndroidManifest.xml:23:9-81
64        android:protectionLevel="signature" />
64-->[androidx.core:core:1.12.0] AndroidManifest.xml:24:9-44
65
66    <uses-permission android:name="com.hoggy.videotekclientexpo.DYNAMIC_RECEIVER_NOT_EXPORTED_PERMISSION" /> <!-- for android -->
66-->[androidx.core:core:1.12.0] AndroidManifest.xml:26:5-97
66-->[androidx.core:core:1.12.0] AndroidManifest.xml:26:22-94
67    <!-- <uses-permission android:name="com.android.launcher.permission.READ_SETTINGS"/> -->
68    <!-- <uses-permission android:name="com.android.launcher.permission.WRITE_SETTINGS"/> -->
69    <!-- <uses-permission android:name="com.android.launcher.permission.INSTALL_SHORTCUT" /> -->
70    <!-- <uses-permission android:name="com.android.launcher.permission.UNINSTALL_SHORTCUT" /> -->
71    <!-- for Samsung -->
72    <uses-permission android:name="com.sec.android.provider.badge.permission.READ" />
72-->[me.leolin:ShortcutBadger:1.1.22] AndroidManifest.xml:19:5-86
72-->[me.leolin:ShortcutBadger:1.1.22] AndroidManifest.xml:19:22-83
73    <uses-permission android:name="com.sec.android.provider.badge.permission.WRITE" /> <!-- for htc -->
73-->[me.leolin:ShortcutBadger:1.1.22] AndroidManifest.xml:20:5-87
73-->[me.leolin:ShortcutBadger:1.1.22] AndroidManifest.xml:20:22-84
74    <uses-permission android:name="com.htc.launcher.permission.READ_SETTINGS" />
74-->[me.leolin:ShortcutBadger:1.1.22] AndroidManifest.xml:23:5-81
74-->[me.leolin:ShortcutBadger:1.1.22] AndroidManifest.xml:23:22-78
75    <uses-permission android:name="com.htc.launcher.permission.UPDATE_SHORTCUT" /> <!-- for sony -->
75-->[me.leolin:ShortcutBadger:1.1.22] AndroidManifest.xml:24:5-83
75-->[me.leolin:ShortcutBadger:1.1.22] AndroidManifest.xml:24:22-80
76    <uses-permission android:name="com.sonyericsson.home.permission.BROADCAST_BADGE" />
76-->[me.leolin:ShortcutBadger:1.1.22] AndroidManifest.xml:27:5-88
76-->[me.leolin:ShortcutBadger:1.1.22] AndroidManifest.xml:27:22-85
77    <uses-permission android:name="com.sonymobile.home.permission.PROVIDER_INSERT_BADGE" /> <!-- for apex -->
77-->[me.leolin:ShortcutBadger:1.1.22] AndroidManifest.xml:28:5-92
77-->[me.leolin:ShortcutBadger:1.1.22] AndroidManifest.xml:28:22-89
78    <uses-permission android:name="com.anddoes.launcher.permission.UPDATE_COUNT" /> <!-- for solid -->
78-->[me.leolin:ShortcutBadger:1.1.22] AndroidManifest.xml:31:5-84
78-->[me.leolin:ShortcutBadger:1.1.22] AndroidManifest.xml:31:22-81
79    <uses-permission android:name="com.majeur.launcher.permission.UPDATE_BADGE" /> <!-- for huawei -->
79-->[me.leolin:ShortcutBadger:1.1.22] AndroidManifest.xml:34:5-83
79-->[me.leolin:ShortcutBadger:1.1.22] AndroidManifest.xml:34:22-80
80    <uses-permission android:name="com.huawei.android.launcher.permission.CHANGE_BADGE" />
80-->[me.leolin:ShortcutBadger:1.1.22] AndroidManifest.xml:37:5-91
80-->[me.leolin:ShortcutBadger:1.1.22] AndroidManifest.xml:37:22-88
81    <uses-permission android:name="com.huawei.android.launcher.permission.READ_SETTINGS" />
81-->[me.leolin:ShortcutBadger:1.1.22] AndroidManifest.xml:38:5-92
81-->[me.leolin:ShortcutBadger:1.1.22] AndroidManifest.xml:38:22-89
82    <uses-permission android:name="com.huawei.android.launcher.permission.WRITE_SETTINGS" /> <!-- for ZUK -->
82-->[me.leolin:ShortcutBadger:1.1.22] AndroidManifest.xml:39:5-93
82-->[me.leolin:ShortcutBadger:1.1.22] AndroidManifest.xml:39:22-90
83    <uses-permission android:name="android.permission.READ_APP_BADGE" /> <!-- for OPPO -->
83-->[me.leolin:ShortcutBadger:1.1.22] AndroidManifest.xml:42:5-73
83-->[me.leolin:ShortcutBadger:1.1.22] AndroidManifest.xml:42:22-70
84    <uses-permission android:name="com.oppo.launcher.permission.READ_SETTINGS" />
84-->[me.leolin:ShortcutBadger:1.1.22] AndroidManifest.xml:45:5-82
84-->[me.leolin:ShortcutBadger:1.1.22] AndroidManifest.xml:45:22-79
85    <uses-permission android:name="com.oppo.launcher.permission.WRITE_SETTINGS" /> <!-- for EvMe -->
85-->[me.leolin:ShortcutBadger:1.1.22] AndroidManifest.xml:46:5-83
85-->[me.leolin:ShortcutBadger:1.1.22] AndroidManifest.xml:46:22-80
86    <uses-permission android:name="me.everything.badger.permission.BADGE_COUNT_READ" />
86-->[me.leolin:ShortcutBadger:1.1.22] AndroidManifest.xml:49:5-88
86-->[me.leolin:ShortcutBadger:1.1.22] AndroidManifest.xml:49:22-85
87    <uses-permission android:name="me.everything.badger.permission.BADGE_COUNT_WRITE" />
87-->[me.leolin:ShortcutBadger:1.1.22] AndroidManifest.xml:50:5-89
87-->[me.leolin:ShortcutBadger:1.1.22] AndroidManifest.xml:50:22-86
88
89    <application
89-->src/main/AndroidManifest.xml:15:3-34:17
90        android:name="com.hoggy.videotekclientexpo.MainApplication"
90-->src/main/AndroidManifest.xml:15:16-47
91        android:allowBackup="false"
91-->src/main/AndroidManifest.xml:15:162-189
92        android:appComponentFactory="androidx.core.app.CoreComponentFactory"
92-->[androidx.core:core:1.12.0] AndroidManifest.xml:28:18-86
93        android:extractNativeLibs="false"
94        android:icon="@mipmap/ic_launcher"
94-->src/main/AndroidManifest.xml:15:81-115
95        android:label="@string/app_name"
95-->src/main/AndroidManifest.xml:15:48-80
96        android:roundIcon="@mipmap/ic_launcher_round"
96-->src/main/AndroidManifest.xml:15:116-161
97        android:theme="@style/AppTheme" >
97-->src/main/AndroidManifest.xml:15:190-221
98        <meta-data
98-->src/main/AndroidManifest.xml:16:5-141
99            android:name="expo.modules.notifications.default_notification_icon"
99-->src/main/AndroidManifest.xml:16:16-83
100            android:resource="@drawable/ic_stat_notifications_icon" />
100-->src/main/AndroidManifest.xml:16:84-139
101        <meta-data
101-->src/main/AndroidManifest.xml:17:5-82
102            android:name="expo.modules.updates.ENABLED"
102-->src/main/AndroidManifest.xml:17:16-59
103            android:value="true" />
103-->src/main/AndroidManifest.xml:17:60-80
104        <meta-data
104-->src/main/AndroidManifest.xml:18:5-105
105            android:name="expo.modules.updates.EXPO_UPDATES_CHECK_ON_LAUNCH"
105-->src/main/AndroidManifest.xml:18:16-80
106            android:value="ALWAYS" />
106-->src/main/AndroidManifest.xml:18:81-103
107        <meta-data
107-->src/main/AndroidManifest.xml:19:5-99
108            android:name="expo.modules.updates.EXPO_UPDATES_LAUNCH_WAIT_MS"
108-->src/main/AndroidManifest.xml:19:16-79
109            android:value="0" />
109-->src/main/AndroidManifest.xml:19:80-97
110
111        <activity
111-->src/main/AndroidManifest.xml:20:5-32:16
112            android:name="com.hoggy.videotekclientexpo.MainActivity"
112-->src/main/AndroidManifest.xml:20:15-43
113            android:configChanges="keyboard|keyboardHidden|orientation|screenSize|screenLayout|uiMode"
113-->src/main/AndroidManifest.xml:20:44-134
114            android:exported="true"
114-->src/main/AndroidManifest.xml:20:256-279
115            android:launchMode="singleTask"
115-->src/main/AndroidManifest.xml:20:135-166
116            android:screenOrientation="portrait"
116-->src/main/AndroidManifest.xml:20:280-316
117            android:theme="@style/Theme.App.SplashScreen"
117-->src/main/AndroidManifest.xml:20:210-255
118            android:windowSoftInputMode="adjustResize" >
118-->src/main/AndroidManifest.xml:20:167-209
119            <intent-filter>
119-->src/main/AndroidManifest.xml:21:7-24:23
120                <action android:name="android.intent.action.MAIN" />
120-->src/main/AndroidManifest.xml:22:9-60
120-->src/main/AndroidManifest.xml:22:17-58
121
122                <category android:name="android.intent.category.LAUNCHER" />
122-->src/main/AndroidManifest.xml:23:9-68
122-->src/main/AndroidManifest.xml:23:19-66
123            </intent-filter>
124            <intent-filter>
124-->src/main/AndroidManifest.xml:25:7-31:23
125                <action android:name="android.intent.action.VIEW" />
125-->src/main/AndroidManifest.xml:10:7-58
125-->src/main/AndroidManifest.xml:10:15-56
126
127                <category android:name="android.intent.category.DEFAULT" />
127-->src/main/AndroidManifest.xml:27:9-67
127-->src/main/AndroidManifest.xml:27:19-65
128                <category android:name="android.intent.category.BROWSABLE" />
128-->src/main/AndroidManifest.xml:11:7-67
128-->src/main/AndroidManifest.xml:11:17-65
129
130                <data android:scheme="com.hoggy.videotekclientexpo" />
130-->src/main/AndroidManifest.xml:12:7-37
130-->src/main/AndroidManifest.xml:12:13-35
131                <data
131-->src/main/AndroidManifest.xml:12:7-37
132                    android:host="oauth2redirect"
132-->src/main/AndroidManifest.xml:30:61-90
133                    android:pathPrefix="/google"
133-->src/main/AndroidManifest.xml:30:91-119
134                    android:scheme="com.hoggy.videotekclientexpo" />
134-->src/main/AndroidManifest.xml:12:13-35
135            </intent-filter>
136        </activity>
137        <activity
137-->src/main/AndroidManifest.xml:33:5-106
138            android:name="com.facebook.react.devsupport.DevSettingsActivity"
138-->src/main/AndroidManifest.xml:33:15-79
139            android:exported="false" />
139-->src/main/AndroidManifest.xml:33:80-104
140
141        <provider
141-->[:react-native-image-picker] AndroidManifest.xml:8:9-16:20
142            android:name="com.imagepicker.ImagePickerProvider"
142-->[:react-native-image-picker] AndroidManifest.xml:9:13-63
143            android:authorities="com.hoggy.videotekclientexpo.imagepickerprovider"
143-->[:react-native-image-picker] AndroidManifest.xml:10:13-71
144            android:exported="false"
144-->[:react-native-image-picker] AndroidManifest.xml:11:13-37
145            android:grantUriPermissions="true" >
145-->[:react-native-image-picker] AndroidManifest.xml:12:13-47
146            <meta-data
146-->[:react-native-image-picker] AndroidManifest.xml:13:13-15:70
147                android:name="android.support.FILE_PROVIDER_PATHS"
147-->[:react-native-image-picker] AndroidManifest.xml:14:17-67
148                android:resource="@xml/imagepicker_provider_paths" />
148-->[:react-native-image-picker] AndroidManifest.xml:15:17-67
149        </provider>
150        <provider
150-->[:react-native-webview] AndroidManifest.xml:8:9-16:20
151            android:name="com.reactnativecommunity.webview.RNCWebViewFileProvider"
151-->[:react-native-webview] AndroidManifest.xml:9:13-83
152            android:authorities="com.hoggy.videotekclientexpo.fileprovider"
152-->[:react-native-webview] AndroidManifest.xml:10:13-64
153            android:exported="false"
153-->[:react-native-webview] AndroidManifest.xml:11:13-37
154            android:grantUriPermissions="true" >
154-->[:react-native-webview] AndroidManifest.xml:12:13-47
155            <meta-data
155-->[:react-native-image-picker] AndroidManifest.xml:13:13-15:70
156                android:name="android.support.FILE_PROVIDER_PATHS"
156-->[:react-native-image-picker] AndroidManifest.xml:14:17-67
157                android:resource="@xml/file_provider_paths" />
157-->[:react-native-image-picker] AndroidManifest.xml:15:17-67
158        </provider>
159        <provider
159-->[:expo-file-system] AndroidManifest.xml:21:9-30:20
160            android:name="expo.modules.filesystem.FileSystemFileProvider"
160-->[:expo-file-system] AndroidManifest.xml:22:13-74
161            android:authorities="com.hoggy.videotekclientexpo.FileSystemFileProvider"
161-->[:expo-file-system] AndroidManifest.xml:23:13-74
162            android:exported="false"
162-->[:expo-file-system] AndroidManifest.xml:24:13-37
163            android:grantUriPermissions="true" >
163-->[:expo-file-system] AndroidManifest.xml:25:13-47
164            <meta-data
164-->[:react-native-image-picker] AndroidManifest.xml:13:13-15:70
165                android:name="android.support.FILE_PROVIDER_PATHS"
165-->[:react-native-image-picker] AndroidManifest.xml:14:17-67
166                android:resource="@xml/file_system_provider_paths" />
166-->[:react-native-image-picker] AndroidManifest.xml:15:17-67
167        </provider>
168
169        <service
169-->[:expo-image-picker] AndroidManifest.xml:30:9-42:19
170            android:name="com.google.android.gms.metadata.ModuleDependencies"
170-->[:expo-image-picker] AndroidManifest.xml:31:13-78
171            android:enabled="false"
171-->[:expo-image-picker] AndroidManifest.xml:32:13-36
172            android:exported="false" >
172-->[:expo-image-picker] AndroidManifest.xml:33:13-37
173            <intent-filter>
173-->[:expo-image-picker] AndroidManifest.xml:35:13-37:29
174                <action android:name="com.google.android.gms.metadata.MODULE_DEPENDENCIES" />
174-->[:expo-image-picker] AndroidManifest.xml:36:17-94
174-->[:expo-image-picker] AndroidManifest.xml:36:25-91
175            </intent-filter>
176
177            <meta-data
177-->[:expo-image-picker] AndroidManifest.xml:39:13-41:36
178                android:name="photopicker_activity:0:required"
178-->[:expo-image-picker] AndroidManifest.xml:40:17-63
179                android:value="" />
179-->[:expo-image-picker] AndroidManifest.xml:41:17-33
180        </service>
181
182        <activity
182-->[:expo-image-picker] AndroidManifest.xml:44:9-46:59
183            android:name="com.canhub.cropper.CropImageActivity"
183-->[:expo-image-picker] AndroidManifest.xml:45:13-64
184            android:exported="true"
184-->[com.github.CanHub:Android-Image-Cropper:4.3.1] AndroidManifest.xml:35:13-36
185            android:theme="@style/Base.Theme.AppCompat" /> <!-- https://developer.android.com/guide/topics/manifest/provider-element.html -->
185-->[:expo-image-picker] AndroidManifest.xml:46:13-56
186        <provider
186-->[:expo-image-picker] AndroidManifest.xml:48:9-56:20
187            android:name="expo.modules.imagepicker.fileprovider.ImagePickerFileProvider"
187-->[:expo-image-picker] AndroidManifest.xml:49:13-89
188            android:authorities="com.hoggy.videotekclientexpo.ImagePickerFileProvider"
188-->[:expo-image-picker] AndroidManifest.xml:50:13-75
189            android:exported="false"
189-->[:expo-image-picker] AndroidManifest.xml:51:13-37
190            android:grantUriPermissions="true" >
190-->[:expo-image-picker] AndroidManifest.xml:52:13-47
191            <meta-data
191-->[:react-native-image-picker] AndroidManifest.xml:13:13-15:70
192                android:name="android.support.FILE_PROVIDER_PATHS"
192-->[:react-native-image-picker] AndroidManifest.xml:14:17-67
193                android:resource="@xml/image_picker_provider_paths" />
193-->[:react-native-image-picker] AndroidManifest.xml:15:17-67
194        </provider>
195
196        <service
196-->[:expo-notifications] AndroidManifest.xml:11:9-17:19
197            android:name="expo.modules.notifications.service.ExpoFirebaseMessagingService"
197-->[:expo-notifications] AndroidManifest.xml:12:13-91
198            android:exported="false" >
198-->[:expo-notifications] AndroidManifest.xml:13:13-37
199            <intent-filter android:priority="-1" >
199-->[:expo-notifications] AndroidManifest.xml:14:13-16:29
199-->[:expo-notifications] AndroidManifest.xml:14:28-49
200                <action android:name="com.google.firebase.MESSAGING_EVENT" />
200-->[:expo-notifications] AndroidManifest.xml:15:17-78
200-->[:expo-notifications] AndroidManifest.xml:15:25-75
201            </intent-filter>
202        </service>
203
204        <receiver
204-->[:expo-notifications] AndroidManifest.xml:19:9-31:20
205            android:name="expo.modules.notifications.service.NotificationsService"
205-->[:expo-notifications] AndroidManifest.xml:20:13-83
206            android:enabled="true"
206-->[:expo-notifications] AndroidManifest.xml:21:13-35
207            android:exported="false" >
207-->[:expo-notifications] AndroidManifest.xml:22:13-37
208            <intent-filter android:priority="-1" >
208-->[:expo-notifications] AndroidManifest.xml:23:13-30:29
208-->[:expo-notifications] AndroidManifest.xml:23:28-49
209                <action android:name="expo.modules.notifications.NOTIFICATION_EVENT" />
209-->[:expo-notifications] AndroidManifest.xml:24:17-88
209-->[:expo-notifications] AndroidManifest.xml:24:25-85
210                <action android:name="android.intent.action.BOOT_COMPLETED" />
210-->[:expo-notifications] AndroidManifest.xml:25:17-79
210-->[:expo-notifications] AndroidManifest.xml:25:25-76
211                <action android:name="android.intent.action.REBOOT" />
211-->[:expo-notifications] AndroidManifest.xml:26:17-71
211-->[:expo-notifications] AndroidManifest.xml:26:25-68
212                <action android:name="android.intent.action.QUICKBOOT_POWERON" />
212-->[:expo-notifications] AndroidManifest.xml:27:17-82
212-->[:expo-notifications] AndroidManifest.xml:27:25-79
213                <action android:name="com.htc.intent.action.QUICKBOOT_POWERON" />
213-->[:expo-notifications] AndroidManifest.xml:28:17-82
213-->[:expo-notifications] AndroidManifest.xml:28:25-79
214                <action android:name="android.intent.action.MY_PACKAGE_REPLACED" />
214-->[:expo-notifications] AndroidManifest.xml:29:17-84
214-->[:expo-notifications] AndroidManifest.xml:29:25-81
215            </intent-filter>
216        </receiver>
217
218        <activity
218-->[:expo-notifications] AndroidManifest.xml:33:9-40:75
219            android:name="expo.modules.notifications.service.NotificationForwarderActivity"
219-->[:expo-notifications] AndroidManifest.xml:34:13-92
220            android:excludeFromRecents="true"
220-->[:expo-notifications] AndroidManifest.xml:35:13-46
221            android:exported="false"
221-->[:expo-notifications] AndroidManifest.xml:36:13-37
222            android:launchMode="standard"
222-->[:expo-notifications] AndroidManifest.xml:37:13-42
223            android:noHistory="true"
223-->[:expo-notifications] AndroidManifest.xml:38:13-37
224            android:taskAffinity=""
224-->[:expo-notifications] AndroidManifest.xml:39:13-36
225            android:theme="@android:style/Theme.Translucent.NoTitleBar" />
225-->[:expo-notifications] AndroidManifest.xml:40:13-72
226
227        <meta-data
227-->[:expo-modules-core] AndroidManifest.xml:9:9-11:89
228            android:name="org.unimodules.core.AppLoader#react-native-headless"
228-->[:expo-modules-core] AndroidManifest.xml:10:13-79
229            android:value="expo.modules.adapters.react.apploader.RNHeadlessAppLoader" />
229-->[:expo-modules-core] AndroidManifest.xml:11:13-86
230        <meta-data
230-->[:expo-modules-core] AndroidManifest.xml:12:9-15:45
231            android:name="com.facebook.soloader.enabled"
231-->[:expo-modules-core] AndroidManifest.xml:13:13-57
232            android:value="true" />
232-->[:expo-modules-core] AndroidManifest.xml:14:13-33
233
234        <activity
234-->[net.openid:appauth:0.11.1] AndroidManifest.xml:35:9-40:77
235            android:name="net.openid.appauth.AuthorizationManagementActivity"
235-->[net.openid:appauth:0.11.1] AndroidManifest.xml:36:13-78
236            android:configChanges="screenSize|smallestScreenSize|screenLayout|orientation|keyboard|keyboardHidden"
236-->[net.openid:appauth:0.11.1] AndroidManifest.xml:37:13-115
237            android:exported="false"
237-->[net.openid:appauth:0.11.1] AndroidManifest.xml:38:13-37
238            android:launchMode="singleTask"
238-->[net.openid:appauth:0.11.1] AndroidManifest.xml:39:13-44
239            android:theme="@style/Theme.AppCompat.Translucent.NoTitleBar" />
239-->[net.openid:appauth:0.11.1] AndroidManifest.xml:40:13-74
240        <activity
240-->[net.openid:appauth:0.11.1] AndroidManifest.xml:41:9-52:20
241            android:name="net.openid.appauth.RedirectUriReceiverActivity"
241-->[net.openid:appauth:0.11.1] AndroidManifest.xml:42:13-74
242            android:exported="true" >
242-->[net.openid:appauth:0.11.1] AndroidManifest.xml:43:13-36
243            <intent-filter>
243-->[net.openid:appauth:0.11.1] AndroidManifest.xml:44:13-51:29
244                <action android:name="android.intent.action.VIEW" />
244-->src/main/AndroidManifest.xml:10:7-58
244-->src/main/AndroidManifest.xml:10:15-56
245
246                <category android:name="android.intent.category.DEFAULT" />
246-->src/main/AndroidManifest.xml:27:9-67
246-->src/main/AndroidManifest.xml:27:19-65
247                <category android:name="android.intent.category.BROWSABLE" />
247-->src/main/AndroidManifest.xml:11:7-67
247-->src/main/AndroidManifest.xml:11:17-65
248
249                <data android:scheme="com.hoggy.videotekclientexpo" />
249-->src/main/AndroidManifest.xml:12:7-37
249-->src/main/AndroidManifest.xml:12:13-35
250            </intent-filter>
251        </activity>
252
253        <provider
253-->[com.github.CanHub:Android-Image-Cropper:4.3.1] AndroidManifest.xml:23:9-31:20
254            android:name="com.canhub.cropper.CropFileProvider"
254-->[com.github.CanHub:Android-Image-Cropper:4.3.1] AndroidManifest.xml:24:13-63
255            android:authorities="com.hoggy.videotekclientexpo.cropper.fileprovider"
255-->[com.github.CanHub:Android-Image-Cropper:4.3.1] AndroidManifest.xml:25:13-72
256            android:exported="false"
256-->[com.github.CanHub:Android-Image-Cropper:4.3.1] AndroidManifest.xml:26:13-37
257            android:grantUriPermissions="true" >
257-->[com.github.CanHub:Android-Image-Cropper:4.3.1] AndroidManifest.xml:27:13-47
258            <meta-data
258-->[:react-native-image-picker] AndroidManifest.xml:13:13-15:70
259                android:name="android.support.FILE_PROVIDER_PATHS"
259-->[:react-native-image-picker] AndroidManifest.xml:14:17-67
260                android:resource="@xml/library_file_paths" />
260-->[:react-native-image-picker] AndroidManifest.xml:15:17-67
261        </provider>
262
263        <property
263-->[com.google.android.gms:play-services-measurement-api:21.6.1] AndroidManifest.xml:30:9-32:61
264            android:name="android.adservices.AD_SERVICES_CONFIG"
264-->[com.google.android.gms:play-services-measurement-api:21.6.1] AndroidManifest.xml:31:13-65
265            android:resource="@xml/ga_ad_services_config" />
265-->[com.google.android.gms:play-services-measurement-api:21.6.1] AndroidManifest.xml:32:13-58
266
267        <service
267-->[com.google.android.gms:play-services-measurement-api:21.6.1] AndroidManifest.xml:34:9-40:19
268            android:name="com.google.firebase.components.ComponentDiscoveryService"
268-->[com.google.android.gms:play-services-measurement-api:21.6.1] AndroidManifest.xml:35:13-84
269            android:directBootAware="true"
269-->[com.google.firebase:firebase-common:20.4.3] AndroidManifest.xml:32:13-43
270            android:exported="false" >
270-->[com.google.android.gms:play-services-measurement-api:21.6.1] AndroidManifest.xml:36:13-37
271            <meta-data
271-->[com.google.android.gms:play-services-measurement-api:21.6.1] AndroidManifest.xml:37:13-39:85
272                android:name="com.google.firebase.components:com.google.firebase.analytics.connector.internal.AnalyticsConnectorRegistrar"
272-->[com.google.android.gms:play-services-measurement-api:21.6.1] AndroidManifest.xml:38:17-139
273                android:value="com.google.firebase.components.ComponentRegistrar" />